c:\users\paszt\onedrive\grafikalaborcsomag\grafikalaborcsomag\glprogram\sources\greentriangle\x64\debug\vc143.pdb
c:\users\paszt\onedrive\grafikalaborcsomag\grafikalaborcsomag\glprogram\sources\greentriangle\x64\debug\vc143.idb
c:\users\paszt\onedrive\grafikalaborcsomag\grafikalaborcsomag\glprogram\sources\greentriangle\x64\debug\paramtericsurface.obj
c:\users\paszt\onedrive\grafikalaborcsomag\grafikalaborcsomag\glprogram\sources\greentriangle\x64\debug\greentriangle.obj
c:\users\paszt\onedrive\grafikalaborcsomag\grafikalaborcsomag\glprogram\sources\greentriangle\x64\debug\hf3.obj
c:\users\paszt\onedrive\grafikalaborcsomag\grafikalaborcsomag\glprogram\sources\greentriangle\x64\debug\framework.obj
c:\users\paszt\onedrive\grafikalaborcsomag\grafikalaborcsomag\glprogram\sources\greentriangle\x64\debug\glad.obj
c:\users\paszt\onedrive\grafikalaborcsomag\grafikalaborcsomag\glprogram\sources\greentriangle\x64\debug\threedim.obj
c:\users\paszt\onedrive\grafikalaborcsomag\grafikalaborcsomag\glprogram\sources\greentriangle\x64\debug\greentriangle.ilk
c:\users\paszt\onedrive\grafikalaborcsomag\grafikalaborcsomag\glprogram\x64\debug\greentriangle.pdb
c:\users\paszt\onedrive\grafikalaborcsomag\grafikalaborcsomag\glprogram\sources\greentriangle\x64\debug\greentriangle.tlog\cl.command.1.tlog
c:\users\paszt\onedrive\grafikalaborcsomag\grafikalaborcsomag\glprogram\sources\greentriangle\x64\debug\greentriangle.tlog\cl.items.tlog
c:\users\paszt\onedrive\grafikalaborcsomag\grafikalaborcsomag\glprogram\sources\greentriangle\x64\debug\greentriangle.tlog\cl.read.1.tlog
c:\users\paszt\onedrive\grafikalaborcsomag\grafikalaborcsomag\glprogram\sources\greentriangle\x64\debug\greentriangle.tlog\cl.write.1.tlog
c:\users\paszt\onedrive\grafikalaborcsomag\grafikalaborcsomag\glprogram\sources\greentriangle\x64\debug\greentriangle.tlog\link.15832-cvtres.read.1.tlog
c:\users\paszt\onedrive\grafikalaborcsomag\grafikalaborcsomag\glprogram\sources\greentriangle\x64\debug\greentriangle.tlog\link.15832-cvtres.write.1.tlog
c:\users\paszt\onedrive\grafikalaborcsomag\grafikalaborcsomag\glprogram\sources\greentriangle\x64\debug\greentriangle.tlog\link.15832-rc.read.1.tlog
c:\users\paszt\onedrive\grafikalaborcsomag\grafikalaborcsomag\glprogram\sources\greentriangle\x64\debug\greentriangle.tlog\link.15832-rc.write.1.tlog
c:\users\paszt\onedrive\grafikalaborcsomag\grafikalaborcsomag\glprogram\sources\greentriangle\x64\debug\greentriangle.tlog\link.15832.read.1.tlog
c:\users\paszt\onedrive\grafikalaborcsomag\grafikalaborcsomag\glprogram\sources\greentriangle\x64\debug\greentriangle.tlog\link.15832.read.3.tlog
c:\users\paszt\onedrive\grafikalaborcsomag\grafikalaborcsomag\glprogram\sources\greentriangle\x64\debug\greentriangle.tlog\link.15832.write.1.tlog
c:\users\paszt\onedrive\grafikalaborcsomag\grafikalaborcsomag\glprogram\sources\greentriangle\x64\debug\greentriangle.tlog\link.command.1.tlog
c:\users\paszt\onedrive\grafikalaborcsomag\grafikalaborcsomag\glprogram\sources\greentriangle\x64\debug\greentriangle.tlog\link.read.1.tlog
c:\users\paszt\onedrive\grafikalaborcsomag\grafikalaborcsomag\glprogram\sources\greentriangle\x64\debug\greentriangle.tlog\link.secondary.1.tlog
c:\users\paszt\onedrive\grafikalaborcsomag\grafikalaborcsomag\glprogram\sources\greentriangle\x64\debug\greentriangle.tlog\link.write.1.tlog
